C51 COMPILER V9.60.7.0   MATRIXKEY                                                         11/04/2024 14:30:22 PAGE 1   


C51 COMPILER V9.60.7.0, COMPILATION OF MODULE MATRIXKEY
OBJECT MODULE PLACED IN .\Objects\MatrixKey.obj
COMPILER INVOKED BY: D:\Keil_v5\C51\BIN\C51.EXE MatrixKey.c OPTIMIZE(8,SPEED) BROWSE DEBUG OBJECTEXTEND PRINT(.\Listings
                    -\MatrixKey.lst) TABS(2) OBJECT(.\Objects\MatrixKey.obj)

line level    source

   1          #include <REGX52.h>
   2          unsigned char Key_KeyNumber;
   3          unsigned char Key()
   4          {
   5   1        unsigned char Temp; 
   6   1        Temp=Key_KeyNumber; 
   7   1        Key_KeyNumber=0; 
   8   1        return Temp;
   9   1      }
  10          
  11          unsigned char MatrixKey()
  12          {
  13   1        unsigned char KeyNumber=0; 
  14   1        P1=0xFF; 
  15   1        P1_2=0; 
  16   1        if(P1_4==0){KeyNumber=3;} 
  17   1        P1=0xFF; 
  18   1        P1_1=0; 
  19   1        if(P1_5==0){KeyNumber=1;} 
  20   1        if(P1_4==0){KeyNumber=2;}
  21   1        P1=0xFF; 
  22   1        P1_0=0; 
  23   1        if(P1_4==0){KeyNumber=4;} 
  24   1        return KeyNumber;
  25   1      }
  26          void Loop_MatrixKey()
  27          {
  28   1        static unsigned char LastKey=0, NowKey=0; 
  29   1        LastKey=NowKey; 
  30   1        NowKey=MatrixKey(); 
  31   1        if(LastKey==0 && NowKey==1){
  32   2          Key_KeyNumber=1;
  33   2        } 
  34   1        if(LastKey==0 && NowKey==2){
  35   2          Key_KeyNumber=2;
  36   2        } 
  37   1        if(LastKey==0 && NowKey==3){
  38   2          Key_KeyNumber=3;
  39   2        } 
  40   1        if(LastKey==0 && NowKey==4){
  41   2          Key_KeyNumber=4;
  42   2        }
  43   1      }


MODULE INFORMATION:   STATIC OVERLAYABLE
   CODE SIZE        =    101    ----
   CONSTANT SIZE    =   ----    ----
   XDATA SIZE       =   ----    ----
   PDATA SIZE       =   ----    ----
   DATA SIZE        =      3    ----
   IDATA SIZE       =   ----    ----
   BIT SIZE         =   ----    ----
END OF MODULE INFORMATION.

C51 COMPILER V9.60.7.0   MATRIXKEY                                                         11/04/2024 14:30:22 PAGE 2   


C51 COMPILATION COMPLETE.  0 WARNING(S),  0 ERROR(S)
