C51 COMPILER V9.60.7.0   MAIN                                                              10/07/2024 16:01:46 PAGE 1   


C51 COMPILER V9.60.7.0, COMPILATION OF MODULE MAIN
OBJECT MODULE PLACED IN main.OBJ
COMPILER INVOKED BY: D:\Keil_v5\C51\BIN\C51.EXE main.c OPTIMIZE(8,SPEED) BROWSE DEBUG OBJECTEXTEND TABS(2)

line level    source

   1          #include<reg51.h>
   2          #include"ds1302.h"
   3          
   4          #define DIG P0
   5          sbit LSA=P2^2;
   6          sbit LSB=P2^3;
   7          sbit LSC=P2^4;
   8          sbit toggle=P3^2;
   9          
  10          unsigned char code DIG_CODE[10]={0x3f,0x06,0x5b,0x4f,0x66,0x6d,0x7d,0x07,0x7f,0x6f};
  11          unsigned char Num=0;
  12          unsigned int disp[8]={0x3f,0x3f,0x3f,0x3f,0x3f,0x3f,0x3f,0x3f};
  13          
  14          void LcdDisplay();
  15          void Timer0Configuration();
  16          
  17          /*******************************************************************************
  18          * 
  19          *******************************************************************************/
  20          
  21          void main()
  22          {
  23   1        Ds1302Init();
  24   1        Timer0Configuration();
  25   1        while(1)
  26   1        { 
  27   2          Ds1302ReadTime();
  28   2          if(toggle==1){
  29   3            disp[7] = DIG_CODE[TIME[0]&0x0f];
  30   3            disp[6] = DIG_CODE[TIME[0]>>4];
  31   3            disp[5] = 0X40;
  32   3            disp[4] = DIG_CODE[TIME[1]&0x0f];
  33   3            disp[3] = DIG_CODE[TIME[1]>>4];
  34   3            disp[2] = 0X40;
  35   3            disp[1] = DIG_CODE[TIME[2]&0x0f];
  36   3            disp[0] = DIG_CODE[TIME[2]>>4]; 
  37   3          }
  38   2          else
  39   2          {
  40   3            disp[7] = DIG_CODE[TIME[6]&0x0f];
  41   3            disp[6] = DIG_CODE[TIME[6]>>4];
  42   3            disp[5] = 0X40;
  43   3            disp[4] = DIG_CODE[TIME[4]&0x0f];
  44   3            disp[3] = DIG_CODE[TIME[4]>>4];
  45   3            disp[2] = 0X40;
  46   3            disp[1] = DIG_CODE[TIME[3]&0x0f];
  47   3            disp[0] = DIG_CODE[TIME[3]>>4];
  48   3          }
  49   2        }
  50   1        
  51   1      }
  52          
  53          /*******************************************************************************
  54          * 
  55          *******************************************************************************/
C51 COMPILER V9.60.7.0   MAIN                                                              10/07/2024 16:01:46 PAGE 2   

  56          
  57          void Timer0Configuration()
  58          {
  59   1        TMOD=0X02;
  60   1      
  61   1        TH0=0XFE;
  62   1        TL0=0XFE; 
  63   1        ET0=1;
  64   1        EA=1;
  65   1        TR0=1;    
  66   1      }
  67          
  68          /*******************************************************************************
  69          
  70          *******************************************************************************/
  71          
  72          void DigDisplay() interrupt 1
  73          {
  74   1        DIG=0; 
  75   1        switch(Num)  
  76   1        {
  77   2          case(7):
  78   2            LSA=0;LSB=0;LSC=0; break;
  79   2          case(6):
  80   2            LSA=1;LSB=0;LSC=0; break;
  81   2          case(5):
  82   2            LSA=0;LSB=1;LSC=0; break;
  83   2          case(4):
  84   2            LSA=1;LSB=1;LSC=0; break;
  85   2          case(3):
  86   2            LSA=0;LSB=0;LSC=1; break;
  87   2          case(2):
  88   2            LSA=1;LSB=0;LSC=1; break;
  89   2          case(1):
  90   2            LSA=0;LSB=1;LSC=1; break;
  91   2          case(0):
  92   2            LSA=1;LSB=1;LSC=1; break; 
  93   2        }
  94   1        DIG=disp[Num]; 
  95   1        Num++;
  96   1        if(Num>7)
  97   1          Num=0;
  98   1      }
  99          
 100          
 101          


MODULE INFORMATION:   STATIC OVERLAYABLE
   CODE SIZE        =    323    ----
   CONSTANT SIZE    =     10    ----
   XDATA SIZE       =   ----    ----
   PDATA SIZE       =   ----    ----
   DATA SIZE        =     17    ----
   IDATA SIZE       =   ----    ----
   BIT SIZE         =   ----    ----
END OF MODULE INFORMATION.


C51 COMPILATION COMPLETE.  0 WARNING(S),  0 ERROR(S)
